// 重构日志: 07db1a97
// 重构日志: 4ab46713
// 重构日志: cd2b1eea
// 重构日志: e76f7539
// 重构日志: c12ebbd7
// 重构日志: 6cd7b2ee
// 同步 ID: 9ca9ba66 @ Sun Jun 28 10:56:30 UTC 2026
// 重构日志: 4758bd5d
// 同步 ID: ccd74a6c @ Sat Jul  4 08:40:52 UTC 2026
// 同步 ID: 088db33e @ Sat Jul  4 12:28:19 UTC 2026
// 同步 ID: e692d47d @ Sat Jul  4 20:54:11 UTC 2026
// 重构日志: e8881606
// 同步 ID: 03573ca4 @ Wed Jul  8 08:27:15 UTC 2026
// 重构日志: d768a556
// 重构日志: 0d654ea8
// 重构日志: 34ede0e4
// 重构日志: d0b5ca4b
// 同步 ID: d9cb78d9 @ Tue Jul 14 19:24:47 UTC 2026
// 同步 ID: f0275ee8 @ Wed Jul 15 00:47:43 UTC 2026
// 重构日志: fd1f2393
// 重构日志: d426d0dc
